<?xml version="1.0" encoding="UTF-8"?>
<!-- Generated by org.testng.reporters.JUnitXMLReporter -->
<testsuite hostname="SAURABH-DESKTOP" ignored="2" name="Default test" tests="3" failures="0" timestamp="19 Aug 2019 11:22:04 GMT" time="96.558" errors="0">
  <testcase name="validateCreatenewContact" time="4.485" classname="com.crm.qa.testcases.ContactsPageTest"/>
  <testcase name="validateCreatenewContact" time="4.494" classname="com.crm.qa.testcases.ContactsPageTest"/>
  <testcase name="validateCreatenewContact" time="5.319" classname="com.crm.qa.testcases.ContactsPageTest"/>
  <testcase name="verifyContactsPageLabel" time="0.0" classname="com.crm.qa.testcases.ContactsPageTest">
    <ignored/>
  </testcase> <!-- verifyContactsPageLabel -->
  <testcase name="selectContactsTest" time="0.0" classname="com.crm.qa.testcases.ContactsPageTest">
    <ignored/>
  </testcase> <!-- selectContactsTest -->
</testsuite> <!-- Default test -->
