<?xml version="1.0" encoding="UTF-8"?>
<!-- Generated by org.testng.reporters.JUnitXMLReporter -->
<testsuite hostname="SAURABH-DESKTOP" ignored="0" name="Command line test" tests="11" failures="1" timestamp="09 Sep 2019 16:26:07 GMT" time="540.287" errors="0">
  <testcase name="verifyContactsPageLabel" time="0.147" classname="com.crm.qa.testcases.ContactsPageTest"/>
  <testcase name="homePageTitle" time="0.031" classname="com.crm.qa.testcases.HomePageTest"/>
  <testcase name="loginPageTitleTest" time="0.016" classname="com.crm.qa.testcases.LoginPageTest">
    <failure type="java.lang.AssertionError" message="expected [CRMPRO  - CRM software for customer relationship management, sales, and support.] but found [CRMPRO - CRM software for customer relationship management, sales, and support.]">
      <![CDATA[java.lang.AssertionError: expected [CRMPRO  - CRM software for customer relationship management, sales, and support.] but found [CRMPRO - CRM software for customer relationship management, sales, and support.]
	at com.crm.qa.testcases.LoginPageTest.loginPageTitleTest(LoginPageTest.java:30)
... Removed 41 stack frames]]>
    </failure>
  </testcase> <!-- loginPageTitleTest -->
  <testcase name="selectContactsTest" time="0.217" classname="com.crm.qa.testcases.ContactsPageTest"/>
  <testcase name="verifyUserNameTest" time="0.194" classname="com.crm.qa.testcases.HomePageTest"/>
  <testcase name="crmImageTest" time="0.132" classname="com.crm.qa.testcases.LoginPageTest"/>
  <testcase name="validateCreatenewContact" time="10.179" classname="com.crm.qa.testcases.ContactsPageTest"/>
  <testcase name="validateCreatenewContact" time="9.537" classname="com.crm.qa.testcases.ContactsPageTest"/>
  <testcase name="validateCreatenewContact" time="9.041" classname="com.crm.qa.testcases.ContactsPageTest"/>
  <testcase name="verifyContactLinkTest" time="2.774" classname="com.crm.qa.testcases.HomePageTest"/>
  <testcase name="LoginTest" time="23.832" classname="com.crm.qa.testcases.LoginPageTest"/>
</testsuite> <!-- Command line test -->
