<?xml version="1.0" encoding="UTF-8"?>
<testng-results skipped="0" failed="0" ignored="2" total="5" passed="3">
  <reporter-output>
  </reporter-output>
  <suite name="Default suite" duration-ms="96558" started-at="2019-08-19T11:20:27Z" finished-at="2019-08-19T11:22:04Z">
    <groups>
    </groups>
    <test name="Default test" duration-ms="96558" started-at="2019-08-19T11:20:27Z" finished-at="2019-08-19T11:22:04Z">
      <class name="com.crm.qa.testcases.ContactsPageTest">
        <test-method status="PASS" signature="setUp()[pri:0, instance:com.crm.qa.testcases.ContactsPageTest@1efef64]" name="setUp" is-config="true" duration-ms="25863" started-at="2019-08-19T16:50:28Z" finished-at="2019-08-19T16:50:54Z">
          <reporter-output>
          </reporter-output>
        </test-method> <!-- setUp -->
        <test-method status="PASS" signature="validateCreatenewContact(java.lang.String, java.lang.String, java.lang.String, java.lang.String)[pri:3, instance:com.crm.qa.testcases.ContactsPageTest@1efef64]" name="validateCreatenewContact" duration-ms="4485" started-at="2019-08-19T16:50:54Z" data-provider="getCrmTestData" finished-at="2019-08-19T16:50:58Z">
          <params>
            <param index="0">
              <value>
                <![CDATA[Mr.]]>
              </value>
            </param>
            <param index="1">
              <value>
                <![CDATA[Tom]]>
              </value>
            </param>
            <param index="2">
              <value>
                <![CDATA[Peter]]>
              </value>
            </param>
            <param index="3">
              <value>
                <![CDATA[Google]]>
              </value>
            </param>
          </params>
          <reporter-output>
          </reporter-output>
        </test-method> <!-- validateCreatenewContact -->
        <test-method status="PASS" signature="tearDown()[pri:0, instance:com.crm.qa.testcases.ContactsPageTest@1efef64]" name="tearDown" is-config="true" duration-ms="741" started-at="2019-08-19T16:50:58Z" finished-at="2019-08-19T16:50:59Z">
          <reporter-output>
          </reporter-output>
        </test-method> <!-- tearDown -->
        <test-method status="PASS" signature="setUp()[pri:0, instance:com.crm.qa.testcases.ContactsPageTest@1efef64]" name="setUp" is-config="true" duration-ms="24457" started-at="2019-08-19T16:50:59Z" finished-at="2019-08-19T16:51:24Z">
          <reporter-output>
          </reporter-output>
        </test-method> <!-- setUp -->
        <test-method status="PASS" signature="validateCreatenewContact(java.lang.String, java.lang.String, java.lang.String, java.lang.String)[pri:3, instance:com.crm.qa.testcases.ContactsPageTest@1efef64]" name="validateCreatenewContact" duration-ms="4494" started-at="2019-08-19T16:51:24Z" data-provider="getCrmTestData" finished-at="2019-08-19T16:51:28Z">
          <params>
            <param index="0">
              <value>
                <![CDATA[Dr.]]>
              </value>
            </param>
            <param index="1">
              <value>
                <![CDATA[david]]>
              </value>
            </param>
            <param index="2">
              <value>
                <![CDATA[Chris]]>
              </value>
            </param>
            <param index="3">
              <value>
                <![CDATA[Amazon]]>
              </value>
            </param>
          </params>
          <reporter-output>
          </reporter-output>
        </test-method> <!-- validateCreatenewContact -->
        <test-method status="PASS" signature="tearDown()[pri:0, instance:com.crm.qa.testcases.ContactsPageTest@1efef64]" name="tearDown" is-config="true" duration-ms="708" started-at="2019-08-19T16:51:28Z" finished-at="2019-08-19T16:51:29Z">
          <reporter-output>
          </reporter-output>
        </test-method> <!-- tearDown -->
        <test-method status="PASS" signature="setUp()[pri:0, instance:com.crm.qa.testcases.ContactsPageTest@1efef64]" name="setUp" is-config="true" duration-ms="28775" started-at="2019-08-19T16:51:29Z" finished-at="2019-08-19T16:51:58Z">
          <reporter-output>
          </reporter-output>
        </test-method> <!-- setUp -->
        <test-method status="PASS" signature="validateCreatenewContact(java.lang.String, java.lang.String, java.lang.String, java.lang.String)[pri:3, instance:com.crm.qa.testcases.ContactsPageTest@1efef64]" name="validateCreatenewContact" duration-ms="5319" started-at="2019-08-19T16:51:58Z" data-provider="getCrmTestData" finished-at="2019-08-19T16:52:03Z">
          <params>
            <param index="0">
              <value>
                <![CDATA[Mrs.]]>
              </value>
            </param>
            <param index="1">
              <value>
                <![CDATA[Mukta ]]>
              </value>
            </param>
            <param index="2">
              <value>
                <![CDATA[Sharma]]>
              </value>
            </param>
            <param index="3">
              <value>
                <![CDATA[Ebay]]>
              </value>
            </param>
          </params>
          <reporter-output>
          </reporter-output>
        </test-method> <!-- validateCreatenewContact -->
        <test-method status="PASS" signature="tearDown()[pri:0, instance:com.crm.qa.testcases.ContactsPageTest@1efef64]" name="tearDown" is-config="true" duration-ms="721" started-at="2019-08-19T16:52:03Z" finished-at="2019-08-19T16:52:04Z">
          <reporter-output>
          </reporter-output>
        </test-method> <!-- tearDown -->
      </class> <!-- com.crm.qa.testcases.ContactsPageTest -->
    </test> <!-- Default test -->
  </suite> <!-- Default suite -->
</testng-results>
